\BOOKMARK [0][-]{chapter*.1}{Abstract}{}% 1
\BOOKMARK [0][-]{chapter.1}{Introduction}{}% 2
\BOOKMARK [0][-]{chapter.2}{Theory}{}% 3
\BOOKMARK [1][-]{section.2.1}{Standard Model}{chapter.2}% 4
\BOOKMARK [1][-]{section.2.2}{LHC Physics/Phenomenology}{chapter.2}% 5
\BOOKMARK [1][-]{section.2.3}{Brief history of Standard Model tests}{chapter.2}% 6
\BOOKMARK [1][-]{section.2.4}{Measurement motivation}{chapter.2}% 7
\BOOKMARK [0][-]{chapter.3}{The LHC and the ATLAS detector}{}% 8
\BOOKMARK [1][-]{section.3.1}{ATLAS}{chapter.3}% 9
\BOOKMARK [1][-]{section.3.2}{The High-Luminosity LHC and Inner Tracker}{chapter.3}% 10
\BOOKMARK [0][-]{chapter.4}{Reconstruction of Physics Objects}{}% 11
\BOOKMARK [1][-]{section.4.1}{Tracking}{chapter.4}% 12
\BOOKMARK [1][-]{section.4.2}{Electrons}{chapter.4}% 13
\BOOKMARK [1][-]{section.4.3}{Muons}{chapter.4}% 14
\BOOKMARK [1][-]{section.4.4}{Jets}{chapter.4}% 15
\BOOKMARK [1][-]{section.4.5}{Missing transverse energy}{chapter.4}% 16
\BOOKMARK [0][-]{chapter.5}{Event Selection}{}% 17
\BOOKMARK [1][-]{section.5.1}{Data and Monte Carlo samples}{chapter.5}% 18
\BOOKMARK [1][-]{section.5.2}{Object definitions}{chapter.5}% 19
\BOOKMARK [1][-]{section.5.3}{Common Observables}{chapter.5}% 20
\BOOKMARK [1][-]{section.5.4}{Event selection}{chapter.5}% 21
\BOOKMARK [0][-]{chapter.6}{Backgrounds and Systematics}{}% 22
\BOOKMARK [1][-]{section.6.1}{Backgrounds}{chapter.6}% 23
\BOOKMARK [1][-]{section.6.2}{Systematic uncertainties}{chapter.6}% 24
\BOOKMARK [0][-]{chapter.7}{Results}{}% 25
\BOOKMARK [1][-]{section.7.1}{Statistical analysis}{chapter.7}% 26
\BOOKMARK [1][-]{section.7.2}{Fiducial and inclusive cross-sections}{chapter.7}% 27
\BOOKMARK [0][-]{chapter.8}{Conclusions and Outlook}{}% 28
\BOOKMARK [1][-]{section.8.1}{Outlook: differential cross-section measurements}{chapter.8}% 29
\BOOKMARK [1][-]{section.8.2}{Conclusion}{chapter.8}% 30
\BOOKMARK [0][-]{appendix.A}{Inner Tracker}{}% 31
\BOOKMARK [0][-]{appendix.B}{Z+jets BDT}{}% 32
\BOOKMARK [0][-]{appendix.C}{Multi-dimensional BDT}{}% 33
