This is pdfTeX, Version 3.14159265-2.6-1.40.16 (TeX Live 2015) (preloaded format=pdflatex 2016.2.20)  4 APR 2020 21:39
entering extended mode
 restricted \write18 enabled.
 %&-line parsing enabled.
**LauraThesis.tex
(./LauraThesis.tex
LaTeX2e <2016/02/01>
Babel <3.9n> and hyphenation patterns for 80 languages loaded.

(/usr/local/texlive/2015/texmf-dist/tex/latex/brandeis-dissertation/brandeis-di
ssertation.cls
Document Class: brandeis-dissertation 2013/10/21 v2.0 Brandeis dissertation set
tings
(/usr/local/texlive/2015/texmf-dist/tex/latex/base/book.cls
Document Class: book 2014/09/29 v1.4h Standard LaTeX document class
(/usr/local/texlive/2015/texmf-dist/tex/latex/base/bk12.clo
File: bk12.clo 2014/09/29 v1.4h Standard LaTeX file (size option)
)
\c@part=\count79
\c@chapter=\count80
\c@section=\count81
\c@subsection=\count82
\c@subsubsection=\count83
\c@paragraph=\count84
\c@subparagraph=\count85
\c@figure=\count86
\c@table=\count87
\abovecaptionskip=\skip41
\belowcaptionskip=\skip42
\bibindent=\dimen102
)
(/usr/local/texlive/2015/texmf-dist/tex/latex/setspace/setspace.sty
Package: setspace 2011/12/19 v6.7a set line spacing
)
(/usr/local/texlive/2015/texmf-dist/tex/latex/geometry/geometry.sty
Package: geometry 2010/09/12 v5.6 Page Geometry

(/usr/local/texlive/2015/texmf-dist/tex/latex/graphics/keyval.sty
Package: keyval 2014/10/28 v1.15 key=value parser (DPC)
\KV@toks@=\toks14
)
(/usr/local/texlive/2015/texmf-dist/tex/generic/oberdiek/ifpdf.sty
Package: ifpdf 2011/01/30 v2.3 Provides the ifpdf switch (HO)
Package ifpdf Info: pdfTeX in PDF mode is detected.
)
(/usr/local/texlive/2015/texmf-dist/tex/generic/oberdiek/ifvtex.sty
Package: ifvtex 2010/03/01 v1.5 Detect VTeX and its facilities (HO)
Package ifvtex Info: VTeX not detected.
)
(/usr/local/texlive/2015/texmf-dist/tex/generic/ifxetex/ifxetex.sty
Package: ifxetex 2010/09/12 v0.6 Provides ifxetex conditional
)
\Gm@cnth=\count88
\Gm@cntv=\count89
\c@Gm@tempcnt=\count90
\Gm@bindingoffset=\dimen103
\Gm@wd@mp=\dimen104
\Gm@odd@mp=\dimen105
\Gm@even@mp=\dimen106
\Gm@layoutwidth=\dimen107
\Gm@layoutheight=\dimen108
\Gm@layouthoffset=\dimen109
\Gm@layoutvoffset=\dimen110
\Gm@dimlist=\toks15
)
\bd@comm@signline@lngth=\skip43
)
(/usr/local/texlive/2015/texmf-dist/tex/latex/amsmath/amsmath.sty
Package: amsmath 2013/01/14 v2.14 AMS math features
\@mathmargin=\skip44

For additional information on amsmath, use the `?' option.
(/usr/local/texlive/2015/texmf-dist/tex/latex/amsmath/amstext.sty
Package: amstext 2000/06/29 v2.01

(/usr/local/texlive/2015/texmf-dist/tex/latex/amsmath/amsgen.sty
File: amsgen.sty 1999/11/30 v2.0
\@emptytoks=\toks16
\ex@=\dimen111
))
(/usr/local/texlive/2015/texmf-dist/tex/latex/amsmath/amsbsy.sty
Package: amsbsy 1999/11/29 v1.2d
\pmbraise@=\dimen112
)
(/usr/local/texlive/2015/texmf-dist/tex/latex/amsmath/amsopn.sty
Package: amsopn 1999/12/14 v2.01 operator names
)
\inf@bad=\count91
LaTeX Info: Redefining \frac on input line 210.
\uproot@=\count92
\leftroot@=\count93
LaTeX Info: Redefining \overline on input line 306.
\classnum@=\count94
\DOTSCASE@=\count95
LaTeX Info: Redefining \ldots on input line 378.
LaTeX Info: Redefining \dots on input line 381.
LaTeX Info: Redefining \cdots on input line 466.
\Mathstrutbox@=\box26
\strutbox@=\box27
\big@size=\dimen113
LaTeX Font Info:    Redeclaring font encoding OML on input line 566.
LaTeX Font Info:    Redeclaring font encoding OMS on input line 567.
\macc@depth=\count96
\c@MaxMatrixCols=\count97
\dotsspace@=\muskip10
\c@parentequation=\count98
\dspbrk@lvl=\count99
\tag@help=\toks17
\row@=\count100
\column@=\count101
\maxfields@=\count102
\andhelp@=\toks18
\eqnshift@=\dimen114
\alignsep@=\dimen115
\tagshift@=\dimen116
\tagwidth@=\dimen117
\totwidth@=\dimen118
\lineht@=\dimen119
\@envbody=\toks19
\multlinegap=\skip45
\multlinetaggap=\skip46
\mathdisplay@stack=\toks20
LaTeX Info: Redefining \[ on input line 2665.
LaTeX Info: Redefining \] on input line 2666.
)
(/usr/local/texlive/2015/texmf-dist/tex/latex/pdfpages/pdfpages.sty
Package: pdfpages 2015/09/18 v0.5d Insert pages of external PDF documents (AM)

(/usr/local/texlive/2015/texmf-dist/tex/latex/base/ifthen.sty
Package: ifthen 2014/09/29 v1.1c Standard LaTeX ifthen package (DPC)
)
(/usr/local/texlive/2015/texmf-dist/tex/latex/tools/calc.sty
Package: calc 2014/10/28 v4.3 Infix arithmetic (KKT,FJ)
\calc@Acount=\count103
\calc@Bcount=\count104
\calc@Adimen=\dimen120
\calc@Bdimen=\dimen121
\calc@Askip=\skip47
\calc@Bskip=\skip48
LaTeX Info: Redefining \setlength on input line 80.
LaTeX Info: Redefining \addtolength on input line 81.
\calc@Ccount=\count105
\calc@Cskip=\skip49
)
(/usr/local/texlive/2015/texmf-dist/tex/latex/eso-pic/eso-pic.sty
Package: eso-pic 2015/07/21 v2.0g eso-pic (RN)

(/usr/local/texlive/2015/texmf-dist/tex/generic/oberdiek/atbegshi.sty
Package: atbegshi 2011/10/05 v1.16 At begin shipout hook (HO)

(/usr/local/texlive/2015/texmf-dist/tex/generic/oberdiek/infwarerr.sty
Package: infwarerr 2010/04/08 v1.3 Providing info/warning/error messages (HO)
)
(/usr/local/texlive/2015/texmf-dist/tex/generic/oberdiek/ltxcmds.sty
Package: ltxcmds 2011/11/09 v1.22 LaTeX kernel commands for general use (HO)
))
(/usr/local/texlive/2015/texmf-dist/tex/latex/xcolor/xcolor.sty
Package: xcolor 2007/01/21 v2.11 LaTeX color extensions (UK)

(/usr/local/texlive/2015/texmf-dist/tex/latex/latexconfig/color.cfg
File: color.cfg 2007/01/18 v1.5 color configuration of teTeX/TeXLive
)
Package xcolor Info: Driver file: pdftex.def on input line 225.

(/usr/local/texlive/2015/texmf-dist/tex/latex/pdftex-def/pdftex.def
File: pdftex.def 2011/05/27 v0.06d Graphics/color for pdfTeX
\Gread@gobject=\count106
)
Package xcolor Info: Model `cmy' substituted by `cmy0' on input line 1337.
Package xcolor Info: Model `hsb' substituted by `rgb' on input line 1341.
Package xcolor Info: Model `RGB' extended on input line 1353.
Package xcolor Info: Model `HTML' substituted by `rgb' on input line 1355.
Package xcolor Info: Model `Hsb' substituted by `hsb' on input line 1356.
Package xcolor Info: Model `tHsb' substituted by `hsb' on input line 1357.
Package xcolor Info: Model `HSB' substituted by `hsb' on input line 1358.
Package xcolor Info: Model `Gray' substituted by `gray' on input line 1359.
Package xcolor Info: Model `wave' substituted by `hsb' on input line 1360.
))
(/usr/local/texlive/2015/texmf-dist/tex/latex/graphics/graphicx.sty
Package: graphicx 2014/10/28 v1.0g Enhanced LaTeX Graphics (DPC,SPQR)

(/usr/local/texlive/2015/texmf-dist/tex/latex/graphics/graphics.sty
Package: graphics 2016/01/03 v1.0q Standard LaTeX Graphics (DPC,SPQR)

(/usr/local/texlive/2015/texmf-dist/tex/latex/graphics/trig.sty
Package: trig 2016/01/03 v1.10 sin cos tan (DPC)
)
(/usr/local/texlive/2015/texmf-dist/tex/latex/latexconfig/graphics.cfg
File: graphics.cfg 2010/04/23 v1.9 graphics configuration of TeX Live
)
Package graphics Info: Driver file: pdftex.def on input line 95.
)
\Gin@req@height=\dimen122
\Gin@req@width=\dimen123
)
\AM@pagewidth=\dimen124
\AM@pageheight=\dimen125

(/usr/local/texlive/2015/texmf-dist/tex/latex/pdfpages/pppdftex.def
File: pppdftex.def 2015/09/18 v0.5d Pdfpages driver for pdfTeX (AM)
)
\AM@pagebox=\box28
\AM@toc@title=\toks21
\c@AM@survey=\count107
\AM@templatesizebox=\box29
)
(/usr/local/texlive/2015/texmf-dist/tex/latex/float/float.sty
Package: float 2001/11/08 v1.3d Float enhancements (AL)
\c@float@type=\count108
\float@exts=\toks22
\float@box=\box30
\@float@everytoks=\toks23
\@floatcapt=\box31
)
(/usr/local/texlive/2015/texmf-dist/tex/latex/tools/multicol.sty
Package: multicol 2015/08/19 v1.8n multicolumn formatting (FMi)
\c@tracingmulticols=\count109
\mult@box=\box32
\multicol@leftmargin=\dimen126
\c@unbalance=\count110
\c@collectmore=\count111
\doublecol@number=\count112
\multicoltolerance=\count113
\multicolpretolerance=\count114
\full@width=\dimen127
\page@free=\dimen128
\premulticols=\dimen129
\postmulticols=\dimen130
\multicolsep=\skip50
\multicolbaselineskip=\skip51
\partial@page=\box33
\last@line=\box34
\maxbalancingoverflow=\dimen131
\mult@rightbox=\box35
\mult@grightbox=\box36
\mult@gfirstbox=\box37
\mult@firstbox=\box38
\@tempa=\box39
\@tempa=\box40
\@tempa=\box41
\@tempa=\box42
\@tempa=\box43
\@tempa=\box44
\@tempa=\box45
\@tempa=\box46
\@tempa=\box47
\@tempa=\box48
\@tempa=\box49
\@tempa=\box50
\@tempa=\box51
\@tempa=\box52
\@tempa=\box53
\@tempa=\box54
\@tempa=\box55
\c@columnbadness=\count115
\c@finalcolumnbadness=\count116
\last@try=\dimen132
\multicolovershoot=\dimen133
\multicolundershoot=\dimen134
\mult@nat@firstbox=\box56
\colbreak@box=\box57
\mc@col@check@num=\count117
)
(/usr/local/texlive/2015/texmf-dist/tex/latex/multirow/multirow.sty
\bigstrutjot=\dimen135
)
(/usr/local/texlive/2015/texmf-dist/tex/latex/base/inputenc.sty
Package: inputenc 2015/03/17 v1.2c Input encoding file
\inpenc@prehook=\toks24
\inpenc@posthook=\toks25

(/usr/local/texlive/2015/texmf-dist/tex/latex/ucs/utf8x.def
File: utf8x.def 2004/10/17 UCS: Input encoding UTF-8
))
(/usr/local/texlive/2015/texmf-dist/tex/latex/ucs/ucs.sty
Package: ucs 2013/05/11 v2.2 UCS: Unicode input support

(/usr/local/texlive/2015/texmf-dist/tex/latex/ucs/data/uni-global.def
File: uni-global.def 2013/05/13 UCS: Unicode global data
)
\uc@secondtry=\count118
\uc@combtoks=\toks26
\uc@combtoksb=\toks27
\uc@temptokena=\toks28
)
(/usr/local/texlive/2015/texmf-dist/tex/latex/subfig/subfig.sty
Package: subfig 2005/06/28 ver: 1.3 subfig package

(/usr/local/texlive/2015/texmf-dist/tex/latex/caption/caption.sty
Package: caption 2016/02/02 v3.3-136 Customizing captions (AR)

(/usr/local/texlive/2015/texmf-dist/tex/latex/caption/caption3.sty
Package: caption3 2016/02/02 v1.7-136 caption3 kernel (AR)
Package caption3 Info: TeX engine: e-TeX on input line 57.
\captionmargin=\dimen136
\captionmargin@=\dimen137
\captionwidth=\dimen138
\caption@tempdima=\dimen139
\caption@indent=\dimen140
\caption@parindent=\dimen141
\caption@hangindent=\dimen142
)
\c@ContinuedFloat=\count119
Package caption Info: float package is loaded.
)
\c@KVtest=\count120
\sf@farskip=\skip52
\sf@captopadj=\dimen143
\sf@capskip=\skip53
\sf@nearskip=\skip54
\c@subfigure=\count121
\c@subfigure@save=\count122
\c@lofdepth=\count123
\c@subtable=\count124
\c@subtable@save=\count125
\c@lotdepth=\count126
\sf@top=\skip55
\sf@bottom=\skip56
)
(/usr/local/texlive/2015/texmf-dist/tex/latex/tools/indentfirst.sty
Package: indentfirst 1995/11/23 v1.03 Indent first paragraph (DPC)
)
(/usr/local/texlive/2015/texmf-dist/tex/latex/hyperref/hyperref.sty
Package: hyperref 2012/11/06 v6.83m Hypertext links for LaTeX

(/usr/local/texlive/2015/texmf-dist/tex/generic/oberdiek/hobsub-hyperref.sty
Package: hobsub-hyperref 2012/05/28 v1.13 Bundle oberdiek, subset hyperref (HO)


(/usr/local/texlive/2015/texmf-dist/tex/generic/oberdiek/hobsub-generic.sty
Package: hobsub-generic 2012/05/28 v1.13 Bundle oberdiek, subset generic (HO)
Package: hobsub 2012/05/28 v1.13 Construct package bundles (HO)
Package hobsub Info: Skipping package `infwarerr' (already loaded).
Package hobsub Info: Skipping package `ltxcmds' (already loaded).
Package: ifluatex 2010/03/01 v1.3 Provides the ifluatex switch (HO)
Package ifluatex Info: LuaTeX not detected.
Package hobsub Info: Skipping package `ifvtex' (already loaded).
Package: intcalc 2007/09/27 v1.1 Expandable calculations with integers (HO)
Package hobsub Info: Skipping package `ifpdf' (already loaded).
Package: etexcmds 2011/02/16 v1.5 Avoid name clashes with e-TeX commands (HO)
Package etexcmds Info: Could not find \expanded.
(etexcmds)             That can mean that you are not using pdfTeX 1.50 or
(etexcmds)             that some package has redefined \expanded.
(etexcmds)             In the latter case, load this package earlier.
Package: kvsetkeys 2012/04/25 v1.16 Key value parser (HO)
Package: kvdefinekeys 2011/04/07 v1.3 Define keys (HO)
Package: pdftexcmds 2011/11/29 v0.20 Utility functions of pdfTeX for LuaTeX (HO
)
Package pdftexcmds Info: LuaTeX not detected.
Package pdftexcmds Info: \pdf@primitive is available.
Package pdftexcmds Info: \pdf@ifprimitive is available.
Package pdftexcmds Info: \pdfdraftmode found.
Package: pdfescape 2011/11/25 v1.13 Implements pdfTeX's escape features (HO)
Package: bigintcalc 2012/04/08 v1.3 Expandable calculations on big integers (HO
)
Package: bitset 2011/01/30 v1.1 Handle bit-vector datatype (HO)
Package: uniquecounter 2011/01/30 v1.2 Provide unlimited unique counter (HO)
)
Package hobsub Info: Skipping package `hobsub' (already loaded).
Package: letltxmacro 2010/09/02 v1.4 Let assignment for LaTeX macros (HO)
Package: hopatch 2012/05/28 v1.2 Wrapper for package hooks (HO)
Package: xcolor-patch 2011/01/30 xcolor patch
Package: atveryend 2011/06/30 v1.8 Hooks at the very end of document (HO)
Package atveryend Info: \enddocument detected (standard20110627).
Package hobsub Info: Skipping package `atbegshi' (already loaded).
Package: refcount 2011/10/16 v3.4 Data extraction from label references (HO)
Package: hycolor 2011/01/30 v1.7 Color options for hyperref/bookmark (HO)
)
(/usr/local/texlive/2015/texmf-dist/tex/latex/oberdiek/auxhook.sty
Package: auxhook 2011/03/04 v1.3 Hooks for auxiliary files (HO)
)
(/usr/local/texlive/2015/texmf-dist/tex/latex/oberdiek/kvoptions.sty
Package: kvoptions 2011/06/30 v3.11 Key value format for package options (HO)
)
\@linkdim=\dimen144
\Hy@linkcounter=\count127
\Hy@pagecounter=\count128

(/usr/local/texlive/2015/texmf-dist/tex/latex/hyperref/pd1enc.def
File: pd1enc.def 2012/11/06 v6.83m Hyperref: PDFDocEncoding definition (HO)
)
\Hy@SavedSpaceFactor=\count129

(/usr/local/texlive/2015/texmf-dist/tex/latex/latexconfig/hyperref.cfg
File: hyperref.cfg 2002/06/06 v1.2 hyperref configuration of TeXLive
)
Package hyperref Info: Hyper figures OFF on input line 4443.
Package hyperref Info: Link nesting OFF on input line 4448.
Package hyperref Info: Hyper index ON on input line 4451.
Package hyperref Info: Plain pages OFF on input line 4458.
Package hyperref Info: Backreferencing OFF on input line 4463.
Package hyperref Info: Implicit mode ON; LaTeX internals redefined.
Package hyperref Info: Bookmarks ON on input line 4688.
\c@Hy@tempcnt=\count130

(/usr/local/texlive/2015/texmf-dist/tex/latex/url/url.sty
\Urlmuskip=\muskip11
Package: url 2013/09/16  ver 3.4  Verb mode for urls, etc.
)
LaTeX Info: Redefining \url on input line 5041.
\XeTeXLinkMargin=\dimen145
\Fld@menulength=\count131
\Field@Width=\dimen146
\Fld@charsize=\dimen147
Package hyperref Info: Hyper figures OFF on input line 6295.
Package hyperref Info: Link nesting OFF on input line 6300.
Package hyperref Info: Hyper index ON on input line 6303.
Package hyperref Info: backreferencing OFF on input line 6310.
Package hyperref Info: Link coloring OFF on input line 6315.
Package hyperref Info: Link coloring with OCG OFF on input line 6320.
Package hyperref Info: PDF/A mode OFF on input line 6325.
LaTeX Info: Redefining \ref on input line 6365.
LaTeX Info: Redefining \pageref on input line 6369.
\Hy@abspage=\count132
\c@Item=\count133
\c@Hfootnote=\count134
)

Package hyperref Message: Driver (autodetected): hpdftex.

(/usr/local/texlive/2015/texmf-dist/tex/latex/hyperref/hpdftex.def
File: hpdftex.def 2012/11/06 v6.83m Hyperref driver for pdfTeX
\Fld@listcount=\count135
\c@bookmark@seq@number=\count136

(/usr/local/texlive/2015/texmf-dist/tex/latex/oberdiek/rerunfilecheck.sty
Package: rerunfilecheck 2011/04/15 v1.7 Rerun checks for auxiliary files (HO)
Package uniquecounter Info: New unique counter `rerunfilecheck' on input line 2
82.
)
\Hy@SectionHShift=\skip57
)
Package hyperref Info: Option `colorlinks' set `true' on input line 17.

(/usr/local/texlive/2015/texmf-dist/tex/latex/natbib/natbib.sty
Package: natbib 2010/09/13 8.31b (PWD, AO)
\bibhang=\skip58
\bibsep=\skip59
LaTeX Info: Redefining \cite on input line 694.
\c@NAT@ctr=\count137
)
(./LauraThesis.aux

LaTeX Warning: Label `fig:ElectroReco' multiply defined.


! Package natbib Error: Bibliography not compatible with author-year citations.

(natbib)                Press <return> to continue in numerical citation style.


See the natbib package documentation for explanation.
Type  H <return>  for immediate help.
 ...                                              
                                                  
l.295 ...and\NAT@force@numbers{}\NAT@force@numbers
                                                  
? 
)
\openout1 = `LauraThesis.aux'.

LaTeX Font Info:    Checking defaults for OML/cmm/m/it on input line 39.
LaTeX Font Info:    ... okay on input line 39.
LaTeX Font Info:    Checking defaults for T1/cmr/m/n on input line 39.
LaTeX Font Info:    ... okay on input line 39.
LaTeX Font Info:    Checking defaults for OT1/cmr/m/n on input line 39.
LaTeX Font Info:    ... okay on input line 39.
LaTeX Font Info:    Checking defaults for OMS/cmsy/m/n on input line 39.
LaTeX Font Info:    ... okay on input line 39.
LaTeX Font Info:    Checking defaults for OMX/cmex/m/n on input line 39.
LaTeX Font Info:    ... okay on input line 39.
LaTeX Font Info:    Checking defaults for U/cmr/m/n on input line 39.
LaTeX Font Info:    ... okay on input line 39.
LaTeX Font Info:    Checking defaults for PD1/pdf/m/n on input line 39.
LaTeX Font Info:    ... okay on input line 39.

*geometry* driver: auto-detecting
*geometry* detected driver: pdftex
*geometry* verbose mode - [ preamble ] result:
* driver: pdftex
* paper: letterpaper
* layout: <same size as paper>
* layoutoffset:(h,v)=(0.0pt,0.0pt)
* modes: includehead includefoot 
* h-part:(L,W,R)=(72.26999pt, 469.75502pt, 72.26999pt)
* v-part:(T,H,B)=(72.26999pt, 650.43001pt, 72.26999pt)
* \paperwidth=614.295pt
* \paperheight=794.96999pt
* \textwidth=469.75502pt
* \textheight=588.55621pt
* \oddsidemargin=0.0pt
* \evensidemargin=0.0pt
* \topmargin=0.0pt
* \headheight=12.0pt
* \headsep=19.8738pt
* \topskip=12.0pt
* \footskip=30.0pt
* \marginparwidth=36.135pt
* \marginparsep=7.0pt
* \columnsep=10.0pt
* \skip\footins=10.8pt plus 4.0pt minus 2.0pt
* \hoffset=0.0pt
* \voffset=0.0pt
* \mag=1000
* \@twocolumnfalse
* \@twosidefalse
* \@mparswitchfalse
* \@reversemarginfalse
* (1in=72.27pt=25.4mm, 1cm=28.453pt)

\AtBeginShipoutBox=\box58
(/usr/local/texlive/2015/texmf-dist/tex/context/base/supp-pdf.mkii
[Loading MPS to PDF converter (version 2006.09.02).]
\scratchcounter=\count138
\scratchdimen=\dimen148
\scratchbox=\box59
\nofMPsegments=\count139
\nofMParguments=\count140
\everyMPshowfont=\toks29
\MPscratchCnt=\count141
\MPscratchDim=\dimen149
\MPnumerator=\count142
\makeMPintoPDFobject=\count143
\everyMPtoPDFconversion=\toks30
) (/usr/local/texlive/2015/texmf-dist/tex/latex/oberdiek/epstopdf-base.sty
Package: epstopdf-base 2010/02/09 v2.5 Base part for package epstopdf

(/usr/local/texlive/2015/texmf-dist/tex/latex/oberdiek/grfext.sty
Package: grfext 2010/08/19 v1.1 Manage graphics extensions (HO)
)
Package grfext Info: Graphics extension search list:
(grfext)             [.png,.pdf,.jpg,.mps,.jpeg,.jbig2,.jb2,.PNG,.PDF,.JPG,.JPE
G,.JBIG2,.JB2,.eps]
(grfext)             \AppendGraphicsExtensions on input line 452.

(/usr/local/texlive/2015/texmf-dist/tex/latex/latexconfig/epstopdf-sys.cfg
File: epstopdf-sys.cfg 2010/07/13 v1.3 Configuration of (r)epstopdf for TeX Liv
e
))
(/usr/local/texlive/2015/texmf-dist/tex/latex/oberdiek/pdflscape.sty
Package: pdflscape 2008/08/11 v0.10 Display of landscape pages in PDF (HO)

(/usr/local/texlive/2015/texmf-dist/tex/latex/graphics/lscape.sty
Package: lscape 2000/10/22 v3.01 Landscape Pages (DPC)
)
Package pdflscape Info: Auto-detected driver: pdftex on input line 80.
)
(/usr/local/texlive/2015/texmf-dist/tex/latex/ucs/ucsencs.def
File: ucsencs.def 2011/01/21 Fixes to fontencodings LGR, T3
)
Package caption Info: Begin \AtBeginDocument code.
Package caption Info: subfig package v1.3 is loaded.
Package caption Info: hyperref package is loaded.
Package caption Info: End \AtBeginDocument code.
Package hyperref Info: Link coloring ON on input line 39.

(/usr/local/texlive/2015/texmf-dist/tex/latex/hyperref/nameref.sty
Package: nameref 2012/10/27 v2.43 Cross-referencing by name of section

(/usr/local/texlive/2015/texmf-dist/tex/generic/oberdiek/gettitlestring.sty
Package: gettitlestring 2010/12/03 v1.4 Cleanup title references (HO)
)
\c@section@level=\count144
)
LaTeX Info: Redefining \ref on input line 39.
LaTeX Info: Redefining \pageref on input line 39.
LaTeX Info: Redefining \nameref on input line 39.

(./LauraThesis.out) (./LauraThesis.out)
\@outlinefile=\write3
\openout3 = `LauraThesis.out'.

 [1


{/usr/local/texlive/2015/texmf-var/fonts/map/pdftex/updmap/pdftex.map}] [2] [3


]
LaTeX Font Info:    Try loading font information for OMS+cmr on input line 44.

(/usr/local/texlive/2015/texmf-dist/tex/latex/base/omscmr.fd
File: omscmr.fd 2014/09/29 v2.5h Standard LaTeX font definitions
)
LaTeX Font Info:    Font shape `OMS/cmr/m/n' in size <12> not available
(Font)              Font shape `OMS/cmsy/m/n' tried instead on input line 44.
 [4


] [5


] [6




]
[7


] (./LauraThesis.toc [8




])
\tf@toc=\write4
\openout4 = `LauraThesis.toc'.

 [9]
Chapter 1.
(./sections/Introduction.tex) [1




]
Chapter 2.
(./sections/Theory.tex [2


]
<Pictures/SMparticles.png, id=199, 803.0pt x 767.86874pt>
File: Pictures/SMparticles.png Graphic file (type png)

<use Pictures/SMparticles.png>
Package pdftex.def Info: Pictures/SMparticles.png used on input line 15.
(pdftex.def)             Requested size: 328.82707pt x 314.44157pt.
 [3] [4 <./Pictures/SMparticles.png>] [5]
[6] [7] [8] [9] [10] [11] [12]
<Pictures/HiggsPotential.png, id=285, 563.10374pt x 355.3275pt>
File: Pictures/HiggsPotential.png Graphic file (type png)

<use Pictures/HiggsPotential.png>
Package pdftex.def Info: Pictures/HiggsPotential.png used on input line 165.
(pdftex.def)             Requested size: 234.8775pt x 148.21179pt.
 [13 <./Pictures/HiggsPotential.png>] [14]
[15] [16] [17] <Pictures/protonproton.png, id=334, 766.865pt x 537.00626pt>
File: Pictures/protonproton.png Graphic file (type png)

<use Pictures/protonproton.png>
Package pdftex.def Info: Pictures/protonproton.png used on input line 270.
(pdftex.def)             Requested size: 234.8775pt x 164.47087pt.
 [18] [19 <./Pictures/protonproton.png>]
<Pictures/crosssections.jpg, id=350, 634.5306pt x 823.27576pt>
File: Pictures/crosssections.jpg Graphic file (type jpg)

<use Pictures/crosssections.jpg>
Package pdftex.def Info: Pictures/crosssections.jpg used on input line 286.
(pdftex.def)             Requested size: 234.8775pt x 304.74544pt.
 [20]
<Pictures/FeynmannHiggs.png, id=361, 798.985pt x 456.70625pt>
File: Pictures/FeynmannHiggs.png Graphic file (type png)

<use Pictures/FeynmannHiggs.png>
Package pdftex.def Info: Pictures/FeynmannHiggs.png used on input line 295.
(pdftex.def)             Requested size: 234.8775pt x 134.26025pt.
 [21 <./Pictures/crosssections.jpg>] [22 <./Pictures/FeynmannHiggs.png>]
<Pictures/HiggsCrosssectionMH.png, id=380, 600.2425pt x 577.15625pt>
File: Pictures/HiggsCrosssectionMH.png Graphic file (type png)

<use Pictures/HiggsCrosssectionMH.png>
Package pdftex.def Info: Pictures/HiggsCrosssectionMH.png used on input line 30
4.
(pdftex.def)             Requested size: 187.89914pt x 180.66911pt.

<Pictures/HiggsCrosssectionCOM.png, id=381, 600.2425pt x 577.15625pt>
File: Pictures/HiggsCrosssectionCOM.png Graphic file (type png)

<use Pictures/HiggsCrosssectionCOM.png>
Package pdftex.def Info: Pictures/HiggsCrosssectionCOM.png used on input line 3
06.
(pdftex.def)             Requested size: 187.89914pt x 180.66911pt.

<Pictures/HiggsBranching.png, id=386, 600.2425pt x 571.13374pt>
File: Pictures/HiggsBranching.png Graphic file (type png)

<use Pictures/HiggsBranching.png>
Package pdftex.def Info: Pictures/HiggsBranching.png used on input line 315.
(pdftex.def)             Requested size: 211.38832pt x 201.1373pt.
 [23 <./Pictures/HiggsCrosssectionMH.png> <./Pictures/HiggsCrosssectionCOM.png>
] [24 <./Pictures/HiggsBranching.png>]
[25] [26] [27]
<Pictures/productioncrosssection.png, id=427, 481.8pt x 364.36125pt>
File: Pictures/productioncrosssection.png Graphic file (type png)

<use Pictures/productioncrosssection.png>
Package pdftex.def Info: Pictures/productioncrosssection.png used on input line
 338.
(pdftex.def)             Requested size: 234.8775pt x 177.62677pt.
 [28]
<Pictures/branchingratio.png, id=438, 481.8pt x 592.2125pt>
File: Pictures/branchingratio.png Graphic file (type png)

<use Pictures/branchingratio.png>
Package pdftex.def Info: Pictures/branchingratio.png used on input line 345.
(pdftex.def)             Requested size: 234.8775pt x 288.70468pt.
 [29 <./Pictures/productioncrosssection.png> <./Pictures/branchingratio.png>] [
30]) [31] [32]
Chapter 3.
(./sections/LHCandATLAS.tex

Package natbib Warning: Citation `Aabout_2018_0' on page 33 undefined on input 
line 2.

[33


] [34] <Pictures/LHClayout.PNG, id=494, 790.27245pt x 561.5379pt>
File: Pictures/LHClayout.PNG Graphic file (type png)

<use Pictures/LHClayout.PNG>
Package pdftex.def Info: Pictures/LHClayout.PNG used on input line 12.
(pdftex.def)             Requested size: 281.85587pt x 200.27701pt.

<Pictures/dipolemagnet.jpg, id=498, 381.425pt x 271.0125pt>
File: Pictures/dipolemagnet.jpg Graphic file (type jpg)

<use Pictures/dipolemagnet.jpg>
Package pdftex.def Info: Pictures/dipolemagnet.jpg used on input line 21.
(pdftex.def)             Requested size: 281.85587pt x 200.27316pt.
 [35 <./Pictures/LHClayout.PNG>]
<Pictures/ATLASdetector.PNG, id=509, 639.13782pt x 433.62pt>
File: Pictures/ATLASdetector.PNG Graphic file (type png)

<use Pictures/ATLASdetector.PNG>
Package pdftex.def Info: Pictures/ATLASdetector.PNG used on input line 31.
(pdftex.def)             Requested size: 328.82707pt x 223.08852pt.
 [36 <./Pictures/dipolemagnet.jpg>] [37 <./Pictures/ATLASdetector.PNG>]
Overfull \hbox (3.86055pt too wide) in paragraph at lines 43--43
[]\OT1/cmr/bx/n/17.28 The High-Luminosity LHC and In-ner Tracker (ITk) 
 []


Package natbib Warning: Citation `HL-LHC Yellow Paper' on page 38 undefined on 
input line 44.

[38] [39]

LaTeX Warning: Reference `fig:ITklayout' on page 40 undefined on input line 51.


<Pictures/ITklayout.png, id=536, 896.34875pt x 589.20125pt>
File: Pictures/ITklayout.png Graphic file (type png)

<use Pictures/ITklayout.png>
Package pdftex.def Info: Pictures/ITklayout.png used on input line 54.
(pdftex.def)             Requested size: 281.85587pt x 185.26672pt.


LaTeX Warning: `!h' float specifier changed to `!ht'.

[40] <Pictures/ITkmodule.png, id=547, 689.57625pt x 532.99126pt>
File: Pictures/ITkmodule.png Graphic file (type png)

<use Pictures/ITkmodule.png>
Package pdftex.def Info: Pictures/ITkmodule.png used on input line 65.
(pdftex.def)             Requested size: 187.89914pt x 145.22707pt.
 [41 <./Pictures/ITklayout.png>]
<Pictures/electricalstave.png, id=557, 951.555pt x 172.645pt>
File: Pictures/electricalstave.png Graphic file (type png)

<use Pictures/electricalstave.png>
Package pdftex.def Info: Pictures/electricalstave.png used on input line 74.
(pdftex.def)             Requested size: 375.80544pt x 68.1848pt.


LaTeX Warning: `!h' float specifier changed to `!ht'.

[42 <./Pictures/ITkmodule.png>] [43 <./Pictures/electricalstave.png>]
<Pictures/labviewscreen.png, id=569, 890.32625pt x 519.9425pt>
File: Pictures/labviewscreen.png Graphic file (type png)

<use Pictures/labviewscreen.png>
Package pdftex.def Info: Pictures/labviewscreen.png used on input line 87.
(pdftex.def)             Requested size: 281.85587pt x 164.59991pt.
 [44 <./Pictures/labviewscreen.png>]
<Pictures/placementresults.png, id=576, 1295.84125pt x 452.69125pt>
File: Pictures/placementresults.png Graphic file (type png)

<use Pictures/placementresults.png>
Package pdftex.def Info: Pictures/placementresults.png used on input line 96.
(pdftex.def)             Requested size: 375.80544pt x 131.284pt.
 [45 <./Pictures/placementresults.png>]
<Pictures/paintedstave.png, id=584, 643.40375pt x 520.94624pt>
File: Pictures/paintedstave.png Graphic file (type png)

<use Pictures/paintedstave.png>
Package pdftex.def Info: Pictures/paintedstave.png used on input line 110.
(pdftex.def)             Requested size: 187.89914pt x 152.1357pt.


LaTeX Warning: `!h' float specifier changed to `!ht'.

[46] <Pictures/FEAcompare.png, id=592, 885.3075pt x 618.31pt>
File: Pictures/FEAcompare.png Graphic file (type png)

<use Pictures/FEAcompare.png>
Package pdftex.def Info: Pictures/FEAcompare.png used on input line 119.
(pdftex.def)             Requested size: 187.89914pt x 131.22638pt.
 [47 <./Pictures/paintedstave.png> <./Pictures/FEAcompare.png>] <Pictures/IRima
getotal.png, id=600, 1266.7325pt x 354.32375pt>
File: Pictures/IRimagetotal.png Graphic file (type png)

<use Pictures/IRimagetotal.png>
Package pdftex.def Info: Pictures/IRimagetotal.png used on input line 128.
(pdftex.def)             Requested size: 375.80544pt x 105.1139pt.

<Pictures/moduleoff.png, id=602, 1030.85126pt x 577.15625pt>
File: Pictures/moduleoff.png Graphic file (type png)

<use Pictures/moduleoff.png>
Package pdftex.def Info: Pictures/moduleoff.png used on input line 137.
(pdftex.def)             Requested size: 328.82707pt x 184.10371pt.


LaTeX Warning: `!h' float specifier changed to `!ht'.

) [48 <./Pictures/IRimagetotal.png>] [49 <./Pictures/moduleoff.png>]
Chapter 4.
(./sections/TrackingIso.tex [50


] [51]
<Pictures/ParticleFlow.png, id=624, 989.6975pt x 172.645pt>
File: Pictures/ParticleFlow.png Graphic file (type png)

<use Pictures/ParticleFlow.png>
Package pdftex.def Info: Pictures/ParticleFlow.png used on input line 9.
(pdftex.def)             Requested size: 399.29463pt x 69.65213pt.
 [52 <./Pictures/ParticleFlow.png>] [53]
<Pictures/ParticleFlowExample.png, id=644, 1987.425pt x 1910.13625pt>
File: Pictures/ParticleFlowExample.png Graphic file (type png)

<use Pictures/ParticleFlowExample.png>
Package pdftex.def Info: Pictures/ParticleFlowExample.png used on input line 30
.
(pdftex.def)             Requested size: 187.89914pt x 180.59044pt.
 [54 <./Pictures/ParticleFlowExample.png>] <Pictures/ParticleFlowScale.png, id=
657, 1986.42125pt x 1349.04pt>
File: Pictures/ParticleFlowScale.png Graphic file (type png)

<use Pictures/ParticleFlowScale.png>
Package pdftex.def Info: Pictures/ParticleFlowScale.png used on input line 47.
(pdftex.def)             Requested size: 234.8775pt x 159.51057pt.

<Pictures/ParticleFlowResolution.png, id=658, 1987.425pt x 1928.20375pt>
File: Pictures/ParticleFlowResolution.png Graphic file (type png)

<use Pictures/ParticleFlowResolution.png>
Package pdftex.def Info: Pictures/ParticleFlowResolution.png used on input line
 51.
(pdftex.def)             Requested size: 187.89914pt x 182.2986pt.


LaTeX Warning: `!h' float specifier changed to `!ht'.

[55] [56 <./Pictures/ParticleFlowScale.png> <./Pictures/ParticleFlowResolution.
png>] [57] <Pictures/ETMissPerf.png, id=686, 1987.425pt x 2059.695pt>
File: Pictures/ETMissPerf.png Graphic file (type png)

<use Pictures/ETMissPerf.png>
Package pdftex.def Info: Pictures/ETMissPerf.png used on input line 76.
(pdftex.def)             Requested size: 211.38832pt x 219.05577pt.

<Pictures/ETMissSig.png, id=687, 1987.425pt x 2059.695pt>
File: Pictures/ETMissSig.png Graphic file (type png)

<use Pictures/ETMissSig.png>
Package pdftex.def Info: Pictures/ETMissSig.png used on input line 80.
(pdftex.def)             Requested size: 211.38832pt x 219.05577pt.


LaTeX Warning: `!h' float specifier changed to `!ht'.

[58] [59 <./Pictures/ETMissPerf.png> <./Pictures/ETMissSig.png>] [60]
<Pictures/ElectroReco.png, id=712, 783.92876pt x 559.08875pt>
File: Pictures/ElectroReco.png Graphic file (type png)

<use Pictures/ElectroReco.png>
Package pdftex.def Info: Pictures/ElectroReco.png used on input line 105.
(pdftex.def)             Requested size: 305.33789pt x 217.7622pt.


Package natbib Warning: Citation `ElectronPhotonPerformance' on page 61 undefin
ed on input line 106.


Package natbib Warning: Citation `ElectronPhotonPerformance' on page 61 undefin
ed on input line 106.


LaTeX Warning: Reference `fig:ElectronEff' on page 61 undefined on input line 1
12.

[61 <./Pictures/ElectroReco.png>]
<Pictures/ElectroEff.png, id=718, 1242.6425pt x 587.19376pt>
File: Pictures/ElectroEff.png Graphic file (type png)

<use Pictures/ElectroEff.png>
Package pdftex.def Info: Pictures/ElectroEff.png used on input line 116.
(pdftex.def)             Requested size: 305.33789pt x 144.28035pt.


Package natbib Warning: Citation `ElectronPhotonPerformance' on page 62 undefin
ed on input line 117.


Package natbib Warning: Citation `ElectronPhotonPerformance' on page 62 undefin
ed on input line 117.

[62 <./Pictures/ElectroEff.png>] [63]

Package natbib Warning: Citation `ICreconstruction' on page 64 undefined on inp
ut line 130.

[64] [65] [66] <Pictures/efficiencyoverpt.PNG, id=759, 819.06pt x 585.68813pt>
File: Pictures/efficiencyoverpt.PNG Graphic file (type png)

<use Pictures/efficiencyoverpt.PNG>
Package pdftex.def Info: Pictures/efficiencyoverpt.PNG used on input line 178.
(pdftex.def)             Requested size: 234.8775pt x 167.95058pt.

<Pictures/efficiencyovereta.PNG, id=760, 694.84593pt x 655.69969pt>
File: Pictures/efficiencyovereta.PNG Graphic file (type png)

<use Pictures/efficiencyovereta.PNG>
Package pdftex.def Info: Pictures/efficiencyovereta.PNG used on input line 182.

(pdftex.def)             Requested size: 187.89914pt x 177.31142pt.
 [67] [68 <./Pictures/efficiencyoverpt.PNG> <./Pictures/efficiencyovereta.PNG>]


LaTeX Warning: Reference `tab:datasetsdef' on page 69 undefined on input line 1
95.

[69] <Pictures/isolationworkingpoints.PNG, id=787, 1162.3425pt x 421.575pt>
File: Pictures/isolationworkingpoints.PNG Graphic file (type png)

<use Pictures/isolationworkingpoints.PNG>
Package pdftex.def Info: Pictures/isolationworkingpoints.PNG used on input line
 199.
(pdftex.def)             Requested size: 422.77664pt x 153.33646pt.

<Pictures/isolationefficiency1.png, id=790, 447.17062pt x 326.72063pt>
File: Pictures/isolationefficiency1.png Graphic file (type png)

<use Pictures/isolationefficiency1.png>
Package pdftex.def Info: Pictures/isolationefficiency1.png used on input line 2
07.
(pdftex.def)             Requested size: 220.78543pt x 161.3159pt.

<Pictures/isolationefficiency2.png, id=791, 447.17062pt x 327.47343pt>
File: Pictures/isolationefficiency2.png Graphic file (type png)

<use Pictures/isolationefficiency2.png>
Package pdftex.def Info: Pictures/isolationefficiency2.png used on input line 2
11.
(pdftex.def)             Requested size: 225.4804pt x 165.12543pt.


LaTeX Warning: `!h' float specifier changed to `!ht'.

[70 <./Pictures/isolationworkingpoints.PNG>] [71 <./Pictures/isolationefficienc
y1.png> <./Pictures/isolationefficiency2.png>] [72]
<Pictures/parametrizationIDeta.PNG, id=816, 442.65375pt x 176.91093pt>
File: Pictures/parametrizationIDeta.PNG Graphic file (type png)

<use Pictures/parametrizationIDeta.PNG>
Package pdftex.def Info: Pictures/parametrizationIDeta.PNG used on input line 2
45.
(pdftex.def)             Requested size: 399.29463pt x 159.59088pt.
) [73 <./Pictures/parametrizationIDeta.PNG>]
Chapter 5.
(./sections/EventSelection.tex) [74


]
Chapter 6.
(./sections/BackgroundsSys.tex) [75


]
Chapter 7.
(./sections/Results.tex) [76


]
Chapter 8.
[77



] (./LauraThesis.bbl [78


]
(/usr/local/texlive/2015/texmf-dist/tex/latex/ucs/data/uni-32.def
File: uni-32.def 2013/05/13 UCS: Unicode data U+2000..U+20FF
)
(/usr/local/texlive/2015/texmf-dist/tex/latex/ucs/data/uni-34.def
File: uni-34.def 2013/05/13 UCS: Unicode data U+2200..U+22FF
) [79]
[80] [81] [82] [83]) [84]

Package natbib Warning: There were undefined citations.

Package atveryend Info: Empty hook `BeforeClearDocument' on input line 112.
Package atveryend Info: Empty hook `AfterLastShipout' on input line 112.
(./LauraThesis.aux)
Package atveryend Info: Executing hook `AtVeryEndDocument' on input line 112.
Package atveryend Info: Executing hook `AtEndAfterFileList' on input line 112.
Package rerunfilecheck Info: File `LauraThesis.out' has not changed.
(rerunfilecheck)             Checksum: 1810CD711FAB428C89BE1005DE0CC7E0;1738.


LaTeX Warning: There were undefined references.


LaTeX Warning: There were multiply-defined labels.

Package atveryend Info: Empty hook `AtVeryVeryEnd' on input line 112.
 ) 
Here is how much of TeX's memory you used:
 10922 strings out of 493033
 163432 string characters out of 6134139
 271306 words of memory out of 5000000
 13989 multiletter control sequences out of 15000+600000
 14641 words of font info for 52 fonts, out of 8000000 for 9000
 1141 hyphenation exceptions out of 8191
 44i,17n,49p,2686b,620s stack positions out of 5000i,500n,10000p,200000b,80000s
</usr/local/texlive/2015/texmf-dist/fonts/type1/public/amsfonts/cm/cmbx12.pfb
></usr/local/texlive/2015/texmf-dist/fonts/type1/public/amsfonts/cm/cmbxti10.pf
b></usr/local/texlive/2015/texmf-dist/fonts/type1/public/amsfonts/cm/cmex10.pfb
></usr/local/texlive/2015/texmf-dist/fonts/type1/public/amsfonts/cm/cmmi10.pfb>
</usr/local/texlive/2015/texmf-dist/fonts/type1/public/amsfonts/cm/cmmi12.pfb><
/usr/local/texlive/2015/texmf-dist/fonts/type1/public/amsfonts/cm/cmmi6.pfb></u
sr/local/texlive/2015/texmf-dist/fonts/type1/public/amsfonts/cm/cmmi7.pfb></usr
/local/texlive/2015/texmf-dist/fonts/type1/public/amsfonts/cm/cmmi8.pfb></usr/l
ocal/texlive/2015/texmf-dist/fonts/type1/public/amsfonts/cm/cmr10.pfb></usr/loc
al/texlive/2015/texmf-dist/fonts/type1/public/amsfonts/cm/cmr12.pfb></usr/local
/texlive/2015/texmf-dist/fonts/type1/public/amsfonts/cm/cmr8.pfb></usr/local/te
xlive/2015/texmf-dist/fonts/type1/public/amsfonts/cm/cmsl12.pfb></usr/local/tex
live/2015/texmf-dist/fonts/type1/public/amsfonts/cm/cmsy10.pfb></usr/local/texl
ive/2015/texmf-dist/fonts/type1/public/amsfonts/cm/cmsy8.pfb></usr/local/texliv
e/2015/texmf-dist/fonts/type1/public/amsfonts/cm/cmti12.pfb>
Output written on LauraThesis.pdf (93 pages, 9198060 bytes).
PDF statistics:
 980 PDF objects out of 1000 (max. 8388607)
 788 compressed objects within 8 object streams
 261 named destinations out of 1000 (max. 500000)
 405 words of extra memory for PDF output out of 10000 (max. 10000000)

